{"I:\\Web Assignment Submission\\Onlinelaptop-PC_repair_system\\middlewear\\Auth.js": {"path":"I:\\Web Assignment Submission\\Onlinelaptop-PC_repair_system\\middlewear\\Auth.js","statementMap":{"0":{"start":{"line":1,"column":11},"end":{"line":1,"column":34}},"1":{"start":{"line":2,"column":15},"end":{"line":2,"column":48}},"2":{"start":{"line":3,"column":15},"end":{"line":3,"column":49}},"3":{"start":{"line":4,"column":18},"end":{"line":4,"column":53}},"4":{"start":{"line":5,"column":16},"end":{"line":5,"column":51}},"5":{"start":{"line":8,"column":2},"end":{"line":29,"column":5}},"6":{"start":{"line":10,"column":8},"end":{"line":25,"column":9}},"7":{"start":{"line":11,"column":25},"end":{"line":11,"column":64}},"8":{"start":{"line":12,"column":26},"end":{"line":12,"column":56}},"9":{"start":{"line":13,"column":12},"end":{"line":21,"column":14}},"10":{"start":{"line":15,"column":16},"end":{"line":15,"column":37}},"11":{"start":{"line":16,"column":16},"end":{"line":16,"column":23}},"12":{"start":{"line":20,"column":16},"end":{"line":20,"column":49}},"13":{"start":{"line":24,"column":12},"end":{"line":24,"column":44}},"14":{"start":{"line":32,"column":4},"end":{"line":40,"column":5}},"15":{"start":{"line":33,"column":8},"end":{"line":38,"column":9}},"16":{"start":{"line":34,"column":12},"end":{"line":34,"column":70}},"17":{"start":{"line":36,"column":13},"end":{"line":38,"column":9}},"18":{"start":{"line":37,"column":12},"end":{"line":37,"column":69}},"19":{"start":{"line":39,"column":8},"end":{"line":39,"column":15}},"20":{"start":{"line":43,"column":8},"end":{"line":51,"column":5}},"21":{"start":{"line":44,"column":12},"end":{"line":49,"column":13}},"22":{"start":{"line":45,"column":16},"end":{"line":45,"column":74}},"23":{"start":{"line":47,"column":17},"end":{"line":49,"column":13}},"24":{"start":{"line":48,"column":16},"end":{"line":48,"column":73}},"25":{"start":{"line":50,"column":8},"end":{"line":50,"column":15}}},"fnMap":{"0":{"name":"(anonymous_0)","decl":{"start":{"line":8,"column":30},"end":{"line":8,"column":31}},"loc":{"start":{"line":8,"column":55},"end":{"line":29,"column":5}},"line":8},"1":{"name":"(anonymous_1)","decl":{"start":{"line":14,"column":19},"end":{"line":14,"column":20}},"loc":{"start":{"line":14,"column":35},"end":{"line":18,"column":13}},"line":14},"2":{"name":"(anonymous_2)","decl":{"start":{"line":19,"column":19},"end":{"line":19,"column":20}},"loc":{"start":{"line":19,"column":30},"end":{"line":21,"column":13}},"line":19},"3":{"name":"(anonymous_3)","decl":{"start":{"line":32,"column":33},"end":{"line":32,"column":34}},"loc":{"start":{"line":32,"column":56},"end":{"line":40,"column":5}},"line":32},"4":{"name":"(anonymous_4)","decl":{"start":{"line":43,"column":40},"end":{"line":43,"column":41}},"loc":{"start":{"line":43,"column":63},"end":{"line":51,"column":5}},"line":43}},"branchMap":{"0":{"loc":{"start":{"line":33,"column":8},"end":{"line":38,"column":9}},"type":"if","locations":[{"start":{"line":33,"column":8},"end":{"line":38,"column":9}},{"start":{"line":33,"column":8},"end":{"line":38,"column":9}}],"line":33},"1":{"loc":{"start":{"line":36,"column":13},"end":{"line":38,"column":9}},"type":"if","locations":[{"start":{"line":36,"column":13},"end":{"line":38,"column":9}},{"start":{"line":36,"column":13},"end":{"line":38,"column":9}}],"line":36},"2":{"loc":{"start":{"line":44,"column":12},"end":{"line":49,"column":13}},"type":"if","locations":[{"start":{"line":44,"column":12},"end":{"line":49,"column":13}},{"start":{"line":44,"column":12},"end":{"line":49,"column":13}}],"line":44},"3":{"loc":{"start":{"line":47,"column":17},"end":{"line":49,"column":13}},"type":"if","locations":[{"start":{"line":47,"column":17},"end":{"line":49,"column":13}},{"start":{"line":47,"column":17},"end":{"line":49,"column":13}}],"line":47}},"s":{"0":1,"1":1,"2":1,"3":1,"4":1,"5":1,"6":0,"7":0,"8":0,"9":0,"10":0,"11":0,"12":0,"13":0,"14":1,"15":0,"16":0,"17":0,"18":0,"19":0,"20":1,"21":0,"22":0,"23":0,"24":0,"25":0},"f":{"0":0,"1":0,"2":0,"3":0,"4":0},"b":{"0":[0,0],"1":[0,0],"2":[0,0],"3":[0,0]},"_coverageSchema":"1a1c01bbd47fc00a2c39e90264f33305004495a9","hash":"4d3755ac8048ecb8121f361745daca07cbaf0ffc"}
,"I:\\Web Assignment Submission\\Onlinelaptop-PC_repair_system\\middlewear\\Upload.js": {"path":"I:\\Web Assignment Submission\\Onlinelaptop-PC_repair_system\\middlewear\\Upload.js","statementMap":{"0":{"start":{"line":1,"column":14},"end":{"line":1,"column":31}},"1":{"start":{"line":3,"column":15},"end":{"line":12,"column":2}},"2":{"start":{"line":5,"column":8},"end":{"line":5,"column":27}},"3":{"start":{"line":9,"column":8},"end":{"line":9,"column":48}},"4":{"start":{"line":15,"column":14},"end":{"line":23,"column":1}},"5":{"start":{"line":16,"column":4},"end":{"line":21,"column":5}},"6":{"start":{"line":17,"column":8},"end":{"line":17,"column":22}},"7":{"start":{"line":20,"column":8},"end":{"line":20,"column":23}},"8":{"start":{"line":24,"column":14},"end":{"line":27,"column":2}},"9":{"start":{"line":29,"column":0},"end":{"line":29,"column":22}}},"fnMap":{"0":{"name":"(anonymous_0)","decl":{"start":{"line":4,"column":17},"end":{"line":4,"column":18}},"loc":{"start":{"line":4,"column":38},"end":{"line":7,"column":5}},"line":4},"1":{"name":"(anonymous_1)","decl":{"start":{"line":8,"column":13},"end":{"line":8,"column":14}},"loc":{"start":{"line":8,"column":34},"end":{"line":10,"column":5}},"line":8},"2":{"name":"(anonymous_2)","decl":{"start":{"line":15,"column":14},"end":{"line":15,"column":15}},"loc":{"start":{"line":15,"column":35},"end":{"line":23,"column":1}},"line":15}},"branchMap":{"0":{"loc":{"start":{"line":16,"column":4},"end":{"line":21,"column":5}},"type":"if","locations":[{"start":{"line":16,"column":4},"end":{"line":21,"column":5}},{"start":{"line":16,"column":4},"end":{"line":21,"column":5}}],"line":16},"1":{"loc":{"start":{"line":16,"column":7},"end":{"line":16,"column":93}},"type":"binary-expr","locations":[{"start":{"line":16,"column":7},"end":{"line":16,"column":33}},{"start":{"line":16,"column":37},"end":{"line":16,"column":64}},{"start":{"line":16,"column":67},"end":{"line":16,"column":93}}],"line":16}},"s":{"0":1,"1":1,"2":0,"3":0,"4":1,"5":0,"6":0,"7":0,"8":1,"9":1},"f":{"0":0,"1":0,"2":0},"b":{"0":[0,0],"1":[0,0,0]},"_coverageSchema":"1a1c01bbd47fc00a2c39e90264f33305004495a9","hash":"f24e6b414c13212af32a28581eff4fa059381c02"}
,"I:\\Web Assignment Submission\\Onlinelaptop-PC_repair_system\\models\\Appointment_model.js": {"path":"I:\\Web Assignment Submission\\Onlinelaptop-PC_repair_system\\models\\Appointment_model.js","statementMap":{"0":{"start":{"line":1,"column":16},"end":{"line":1,"column":35}},"1":{"start":{"line":3,"column":19},"end":{"line":33,"column":2}},"2":{"start":{"line":35,"column":0},"end":{"line":35,"column":29}}},"fnMap":{},"branchMap":{},"s":{"0":1,"1":1,"2":1},"f":{},"b":{},"_coverageSchema":"1a1c01bbd47fc00a2c39e90264f33305004495a9","hash":"5c72cb463887dd21c8b59d2be5ac04dd43bd18ad"}
,"I:\\Web Assignment Submission\\Onlinelaptop-PC_repair_system\\models\\Product_model.js": {"path":"I:\\Web Assignment Submission\\Onlinelaptop-PC_repair_system\\models\\Product_model.js","statementMap":{"0":{"start":{"line":1,"column":16},"end":{"line":1,"column":35}},"1":{"start":{"line":3,"column":16},"end":{"line":49,"column":2}},"2":{"start":{"line":51,"column":0},"end":{"line":51,"column":25}}},"fnMap":{},"branchMap":{},"s":{"0":1,"1":1,"2":1},"f":{},"b":{},"_coverageSchema":"1a1c01bbd47fc00a2c39e90264f33305004495a9","hash":"ebac7bb1100af45c3678388ec1d8f69864120ffe"}
,"I:\\Web Assignment Submission\\Onlinelaptop-PC_repair_system\\models\\Review_model.js": {"path":"I:\\Web Assignment Submission\\Onlinelaptop-PC_repair_system\\models\\Review_model.js","statementMap":{"0":{"start":{"line":1,"column":16},"end":{"line":1,"column":35}},"1":{"start":{"line":3,"column":14},"end":{"line":18,"column":2}},"2":{"start":{"line":19,"column":1},"end":{"line":19,"column":23}}},"fnMap":{},"branchMap":{},"s":{"0":2,"1":2,"2":2},"f":{},"b":{},"_coverageSchema":"1a1c01bbd47fc00a2c39e90264f33305004495a9","hash":"5495e178797fd066c02e0cc76a54ee3234fcc362"}
,"I:\\Web Assignment Submission\\Onlinelaptop-PC_repair_system\\models\\customer_model.js": {"path":"I:\\Web Assignment Submission\\Onlinelaptop-PC_repair_system\\models\\customer_model.js","statementMap":{"0":{"start":{"line":1,"column":15},"end":{"line":1,"column":34}},"1":{"start":{"line":3,"column":16},"end":{"line":38,"column":2}},"2":{"start":{"line":40,"column":0},"end":{"line":40,"column":24}}},"fnMap":{},"branchMap":{},"s":{"0":2,"1":2,"2":2},"f":{},"b":{},"_coverageSchema":"1a1c01bbd47fc00a2c39e90264f33305004495a9","hash":"8796eeb4a15c9990145c3dc795d6e47822d539a1"}
,"I:\\Web Assignment Submission\\Onlinelaptop-PC_repair_system\\routes\\Appointment_route.js": {"path":"I:\\Web Assignment Submission\\Onlinelaptop-PC_repair_system\\routes\\Appointment_route.js","statementMap":{"0":{"start":{"line":1,"column":15},"end":{"line":1,"column":33}},"1":{"start":{"line":2,"column":19},"end":{"line":2,"column":57}},"2":{"start":{"line":3,"column":17},"end":{"line":3,"column":52}},"3":{"start":{"line":4,"column":13},"end":{"line":4,"column":29}},"4":{"start":{"line":7,"column":0},"end":{"line":31,"column":2}},"5":{"start":{"line":9,"column":19},"end":{"line":9,"column":39}},"6":{"start":{"line":10,"column":20},"end":{"line":10,"column":41}},"7":{"start":{"line":11,"column":24},"end":{"line":11,"column":49}},"8":{"start":{"line":12,"column":16},"end":{"line":12,"column":33}},"9":{"start":{"line":13,"column":13},"end":{"line":13,"column":27}},"10":{"start":{"line":15,"column":24},"end":{"line":21,"column":6}},"11":{"start":{"line":23,"column":0},"end":{"line":30,"column":6}},"12":{"start":{"line":25,"column":4},"end":{"line":27,"column":46}},"13":{"start":{"line":29,"column":1},"end":{"line":29,"column":49}},"14":{"start":{"line":33,"column":0},"end":{"line":40,"column":3}},"15":{"start":{"line":34,"column":24},"end":{"line":34,"column":50}},"16":{"start":{"line":35,"column":4},"end":{"line":39,"column":5}},"17":{"start":{"line":36,"column":8},"end":{"line":36,"column":42}},"18":{"start":{"line":38,"column":8},"end":{"line":38,"column":36}},"19":{"start":{"line":55,"column":0},"end":{"line":63,"column":4}},"20":{"start":{"line":56,"column":16},"end":{"line":56,"column":35}},"21":{"start":{"line":57,"column":5},"end":{"line":62,"column":8}},"22":{"start":{"line":58,"column":9},"end":{"line":58,"column":38}},"23":{"start":{"line":61,"column":5},"end":{"line":61,"column":38}},"24":{"start":{"line":67,"column":1},"end":{"line":94,"column":3}},"25":{"start":{"line":69,"column":23},"end":{"line":69,"column":43}},"26":{"start":{"line":70,"column":24},"end":{"line":70,"column":45}},"27":{"start":{"line":71,"column":28},"end":{"line":71,"column":53}},"28":{"start":{"line":72,"column":20},"end":{"line":72,"column":37}},"29":{"start":{"line":73,"column":17},"end":{"line":73,"column":31}},"30":{"start":{"line":74,"column":15},"end":{"line":74,"column":34}},"31":{"start":{"line":76,"column":5},"end":{"line":93,"column":11}},"32":{"start":{"line":85,"column":13},"end":{"line":87,"column":15}},"33":{"start":{"line":90,"column":13},"end":{"line":92,"column":15}},"34":{"start":{"line":97,"column":1},"end":{"line":109,"column":3}},"35":{"start":{"line":98,"column":16},"end":{"line":98,"column":35}},"36":{"start":{"line":99,"column":5},"end":{"line":108,"column":11}},"37":{"start":{"line":100,"column":13},"end":{"line":102,"column":15}},"38":{"start":{"line":105,"column":13},"end":{"line":107,"column":15}},"39":{"start":{"line":111,"column":0},"end":{"line":111,"column":22}}},"fnMap":{"0":{"name":"(anonymous_0)","decl":{"start":{"line":7,"column":36},"end":{"line":7,"column":37}},"loc":{"start":{"line":7,"column":54},"end":{"line":31,"column":1}},"line":7},"1":{"name":"(anonymous_1)","decl":{"start":{"line":24,"column":6},"end":{"line":24,"column":7}},"loc":{"start":{"line":24,"column":22},"end":{"line":28,"column":1}},"line":24},"2":{"name":"(anonymous_2)","decl":{"start":{"line":28,"column":9},"end":{"line":28,"column":10}},"loc":{"start":{"line":29,"column":0},"end":{"line":30,"column":5}},"line":29},"3":{"name":"(anonymous_3)","decl":{"start":{"line":33,"column":32},"end":{"line":33,"column":33}},"loc":{"start":{"line":33,"column":50},"end":{"line":40,"column":1}},"line":33},"4":{"name":"(anonymous_4)","decl":{"start":{"line":55,"column":37},"end":{"line":55,"column":38}},"loc":{"start":{"line":55,"column":56},"end":{"line":63,"column":2}},"line":55},"5":{"name":"(anonymous_5)","decl":{"start":{"line":57,"column":41},"end":{"line":57,"column":42}},"loc":{"start":{"line":57,"column":57},"end":{"line":59,"column":6}},"line":57},"6":{"name":"(anonymous_6)","decl":{"start":{"line":60,"column":12},"end":{"line":60,"column":13}},"loc":{"start":{"line":60,"column":24},"end":{"line":62,"column":6}},"line":60},"7":{"name":"(anonymous_7)","decl":{"start":{"line":67,"column":45},"end":{"line":67,"column":46}},"loc":{"start":{"line":67,"column":65},"end":{"line":94,"column":2}},"line":67},"8":{"name":"(anonymous_8)","decl":{"start":{"line":84,"column":15},"end":{"line":84,"column":16}},"loc":{"start":{"line":84,"column":33},"end":{"line":88,"column":10}},"line":84},"9":{"name":"(anonymous_9)","decl":{"start":{"line":89,"column":16},"end":{"line":89,"column":17}},"loc":{"start":{"line":89,"column":29},"end":{"line":93,"column":10}},"line":89},"10":{"name":"(anonymous_10)","decl":{"start":{"line":97,"column":48},"end":{"line":97,"column":49}},"loc":{"start":{"line":97,"column":68},"end":{"line":109,"column":2}},"line":97},"11":{"name":"(anonymous_11)","decl":{"start":{"line":99,"column":42},"end":{"line":99,"column":43}},"loc":{"start":{"line":99,"column":60},"end":{"line":103,"column":10}},"line":99},"12":{"name":"(anonymous_12)","decl":{"start":{"line":104,"column":16},"end":{"line":104,"column":17}},"loc":{"start":{"line":104,"column":29},"end":{"line":108,"column":10}},"line":104}},"branchMap":{},"s":{"0":1,"1":1,"2":1,"3":1,"4":1,"5":2,"6":2,"7":2,"8":2,"9":2,"10":2,"11":2,"12":2,"13":0,"14":1,"15":0,"16":0,"17":0,"18":0,"19":1,"20":0,"21":0,"22":0,"23":0,"24":1,"25":0,"26":0,"27":0,"28":0,"29":0,"30":0,"31":0,"32":0,"33":0,"34":1,"35":0,"36":0,"37":0,"38":0,"39":1},"f":{"0":2,"1":2,"2":0,"3":0,"4":0,"5":0,"6":0,"7":0,"8":0,"9":0,"10":0,"11":0,"12":0},"b":{},"_coverageSchema":"1a1c01bbd47fc00a2c39e90264f33305004495a9","hash":"3e68af1f8c70be61bfbc6d17c602640aab79ef1f"}
,"I:\\Web Assignment Submission\\Onlinelaptop-PC_repair_system\\routes\\Customer_route.js": {"path":"I:\\Web Assignment Submission\\Onlinelaptop-PC_repair_system\\routes\\Customer_route.js","statementMap":{"0":{"start":{"line":1,"column":16},"end":{"line":1,"column":34}},"1":{"start":{"line":2,"column":17},"end":{"line":2,"column":52}},"2":{"start":{"line":3,"column":15},"end":{"line":3,"column":31}},"3":{"start":{"line":4,"column":13},"end":{"line":4,"column":44}},"4":{"start":{"line":5,"column":17},"end":{"line":5,"column":36}},"5":{"start":{"line":6,"column":12},"end":{"line":6,"column":35}},"6":{"start":{"line":7,"column":13},"end":{"line":7,"column":42}},"7":{"start":{"line":8,"column":10},"end":{"line":8,"column":28}},"8":{"start":{"line":9,"column":17},"end":{"line":9,"column":35}},"9":{"start":{"line":10,"column":33},"end":{"line":10,"column":61}},"10":{"start":{"line":13,"column":0},"end":{"line":62,"column":2}},"11":{"start":{"line":19,"column":28},"end":{"line":19,"column":49}},"12":{"start":{"line":21,"column":4},"end":{"line":61,"column":5}},"13":{"start":{"line":31,"column":27},"end":{"line":31,"column":46}},"14":{"start":{"line":32,"column":30},"end":{"line":32,"column":52}},"15":{"start":{"line":33,"column":29},"end":{"line":33,"column":50}},"16":{"start":{"line":34,"column":28},"end":{"line":34,"column":48}},"17":{"start":{"line":35,"column":31},"end":{"line":35,"column":54}},"18":{"start":{"line":36,"column":21},"end":{"line":36,"column":34}},"19":{"start":{"line":39,"column":8},"end":{"line":56,"column":10}},"20":{"start":{"line":41,"column":25},"end":{"line":48,"column":14}},"21":{"start":{"line":49,"column":12},"end":{"line":55,"column":87}},"22":{"start":{"line":51,"column":20},"end":{"line":54,"column":22}},"23":{"start":{"line":55,"column":34},"end":{"line":55,"column":86}},"24":{"start":{"line":59,"column":8},"end":{"line":59,"column":44}},"25":{"start":{"line":60,"column":8},"end":{"line":60,"column":55}},"26":{"start":{"line":64,"column":0},"end":{"line":101,"column":2}},"27":{"start":{"line":66,"column":23},"end":{"line":66,"column":42}},"28":{"start":{"line":67,"column":27},"end":{"line":67,"column":50}},"29":{"start":{"line":70,"column":4},"end":{"line":99,"column":6}},"30":{"start":{"line":73,"column":12},"end":{"line":77,"column":13}},"31":{"start":{"line":74,"column":16},"end":{"line":76,"column":18}},"32":{"start":{"line":79,"column":12},"end":{"line":95,"column":14}},"33":{"start":{"line":80,"column":16},"end":{"line":85,"column":17}},"34":{"start":{"line":82,"column":20},"end":{"line":84,"column":22}},"35":{"start":{"line":86,"column":30},"end":{"line":88,"column":31}},"36":{"start":{"line":89,"column":16},"end":{"line":93,"column":18}},"37":{"start":{"line":98,"column":12},"end":{"line":98,"column":45}},"38":{"start":{"line":104,"column":1},"end":{"line":114,"column":2}},"39":{"start":{"line":105,"column":4},"end":{"line":113,"column":6}},"40":{"start":{"line":107,"column":12},"end":{"line":107,"column":39}},"41":{"start":{"line":110,"column":12},"end":{"line":112,"column":10}},"42":{"start":{"line":117,"column":4},"end":{"line":126,"column":6}},"43":{"start":{"line":118,"column":19},"end":{"line":118,"column":38}},"44":{"start":{"line":119,"column":8},"end":{"line":124,"column":10}},"45":{"start":{"line":120,"column":12},"end":{"line":120,"column":41}},"46":{"start":{"line":123,"column":8},"end":{"line":123,"column":41}},"47":{"start":{"line":128,"column":0},"end":{"line":157,"column":2}},"48":{"start":{"line":130,"column":23},"end":{"line":130,"column":42}},"49":{"start":{"line":131,"column":26},"end":{"line":131,"column":48}},"50":{"start":{"line":132,"column":25},"end":{"line":132,"column":46}},"51":{"start":{"line":133,"column":24},"end":{"line":133,"column":44}},"52":{"start":{"line":134,"column":27},"end":{"line":134,"column":50}},"53":{"start":{"line":135,"column":16},"end":{"line":135,"column":29}},"54":{"start":{"line":136,"column":15},"end":{"line":136,"column":34}},"55":{"start":{"line":138,"column":4},"end":{"line":156,"column":10}},"56":{"start":{"line":148,"column":12},"end":{"line":150,"column":14}},"57":{"start":{"line":153,"column":12},"end":{"line":155,"column":14}},"58":{"start":{"line":160,"column":0},"end":{"line":172,"column":2}},"59":{"start":{"line":161,"column":15},"end":{"line":161,"column":34}},"60":{"start":{"line":162,"column":4},"end":{"line":171,"column":10}},"61":{"start":{"line":163,"column":12},"end":{"line":165,"column":14}},"62":{"start":{"line":168,"column":12},"end":{"line":170,"column":14}},"63":{"start":{"line":174,"column":0},"end":{"line":174,"column":24}}},"fnMap":{"0":{"name":"(anonymous_0)","decl":{"start":{"line":18,"column":0},"end":{"line":18,"column":1}},"loc":{"start":{"line":18,"column":20},"end":{"line":62,"column":1}},"line":18},"1":{"name":"(anonymous_1)","decl":{"start":{"line":39,"column":42},"end":{"line":39,"column":43}},"loc":{"start":{"line":39,"column":68},"end":{"line":56,"column":9}},"line":39},"2":{"name":"(anonymous_2)","decl":{"start":{"line":50,"column":18},"end":{"line":50,"column":19}},"loc":{"start":{"line":50,"column":36},"end":{"line":55,"column":17}},"line":50},"3":{"name":"(anonymous_3)","decl":{"start":{"line":55,"column":25},"end":{"line":55,"column":26}},"loc":{"start":{"line":55,"column":34},"end":{"line":55,"column":86}},"line":55},"4":{"name":"(anonymous_4)","decl":{"start":{"line":64,"column":27},"end":{"line":64,"column":28}},"loc":{"start":{"line":64,"column":47},"end":{"line":101,"column":1}},"line":64},"5":{"name":"(anonymous_5)","decl":{"start":{"line":71,"column":14},"end":{"line":71,"column":15}},"loc":{"start":{"line":71,"column":38},"end":{"line":97,"column":9}},"line":71},"6":{"name":"(anonymous_6)","decl":{"start":{"line":79,"column":74},"end":{"line":79,"column":75}},"loc":{"start":{"line":79,"column":97},"end":{"line":95,"column":13}},"line":79},"7":{"name":"(anonymous_7)","decl":{"start":{"line":97,"column":17},"end":{"line":97,"column":18}},"loc":{"start":{"line":97,"column":30},"end":{"line":99,"column":5}},"line":97},"8":{"name":"(anonymous_8)","decl":{"start":{"line":104,"column":29},"end":{"line":104,"column":30}},"loc":{"start":{"line":104,"column":49},"end":{"line":114,"column":1}},"line":104},"9":{"name":"(anonymous_9)","decl":{"start":{"line":106,"column":14},"end":{"line":106,"column":15}},"loc":{"start":{"line":106,"column":29},"end":{"line":108,"column":9}},"line":106},"10":{"name":"(anonymous_10)","decl":{"start":{"line":109,"column":15},"end":{"line":109,"column":16}},"loc":{"start":{"line":109,"column":29},"end":{"line":113,"column":5}},"line":109},"11":{"name":"(anonymous_11)","decl":{"start":{"line":117,"column":45},"end":{"line":117,"column":46}},"loc":{"start":{"line":117,"column":64},"end":{"line":126,"column":5}},"line":117},"12":{"name":"(anonymous_12)","decl":{"start":{"line":119,"column":41},"end":{"line":119,"column":42}},"loc":{"start":{"line":119,"column":57},"end":{"line":121,"column":9}},"line":119},"13":{"name":"(anonymous_13)","decl":{"start":{"line":122,"column":15},"end":{"line":122,"column":16}},"loc":{"start":{"line":122,"column":27},"end":{"line":124,"column":9}},"line":122},"14":{"name":"(anonymous_14)","decl":{"start":{"line":128,"column":37},"end":{"line":128,"column":38}},"loc":{"start":{"line":128,"column":57},"end":{"line":157,"column":1}},"line":128},"15":{"name":"(anonymous_15)","decl":{"start":{"line":147,"column":14},"end":{"line":147,"column":15}},"loc":{"start":{"line":147,"column":32},"end":{"line":151,"column":9}},"line":147},"16":{"name":"(anonymous_16)","decl":{"start":{"line":152,"column":15},"end":{"line":152,"column":16}},"loc":{"start":{"line":152,"column":28},"end":{"line":156,"column":9}},"line":152},"17":{"name":"(anonymous_17)","decl":{"start":{"line":160,"column":35},"end":{"line":160,"column":36}},"loc":{"start":{"line":160,"column":55},"end":{"line":172,"column":1}},"line":160},"18":{"name":"(anonymous_18)","decl":{"start":{"line":162,"column":38},"end":{"line":162,"column":39}},"loc":{"start":{"line":162,"column":56},"end":{"line":166,"column":9}},"line":162},"19":{"name":"(anonymous_19)","decl":{"start":{"line":167,"column":15},"end":{"line":167,"column":16}},"loc":{"start":{"line":167,"column":28},"end":{"line":171,"column":9}},"line":167}},"branchMap":{"0":{"loc":{"start":{"line":21,"column":4},"end":{"line":61,"column":5}},"type":"if","locations":[{"start":{"line":21,"column":4},"end":{"line":61,"column":5}},{"start":{"line":21,"column":4},"end":{"line":61,"column":5}}],"line":21},"1":{"loc":{"start":{"line":73,"column":12},"end":{"line":77,"column":13}},"type":"if","locations":[{"start":{"line":73,"column":12},"end":{"line":77,"column":13}},{"start":{"line":73,"column":12},"end":{"line":77,"column":13}}],"line":73},"2":{"loc":{"start":{"line":80,"column":16},"end":{"line":85,"column":17}},"type":"if","locations":[{"start":{"line":80,"column":16},"end":{"line":85,"column":17}},{"start":{"line":80,"column":16},"end":{"line":85,"column":17}}],"line":80}},"s":{"0":1,"1":1,"2":1,"3":1,"4":1,"5":1,"6":1,"7":1,"8":1,"9":1,"10":1,"11":2,"12":2,"13":1,"14":1,"15":1,"16":1,"17":1,"18":1,"19":1,"20":1,"21":1,"22":1,"23":0,"24":1,"25":1,"26":1,"27":2,"28":2,"29":2,"30":2,"31":0,"32":2,"33":2,"34":0,"35":2,"36":2,"37":0,"38":1,"39":0,"40":0,"41":0,"42":1,"43":0,"44":0,"45":0,"46":0,"47":1,"48":0,"49":0,"50":0,"51":0,"52":0,"53":0,"54":0,"55":0,"56":0,"57":0,"58":1,"59":0,"60":0,"61":0,"62":0,"63":1},"f":{"0":2,"1":1,"2":1,"3":0,"4":2,"5":2,"6":2,"7":0,"8":0,"9":0,"10":0,"11":0,"12":0,"13":0,"14":0,"15":0,"16":0,"17":0,"18":0,"19":0},"b":{"0":[1,1],"1":[0,2],"2":[0,2]},"_coverageSchema":"1a1c01bbd47fc00a2c39e90264f33305004495a9","hash":"5dfc5a7e5869aed0f4170ba349f723d3ab79a7a1"}
,"I:\\Web Assignment Submission\\Onlinelaptop-PC_repair_system\\routes\\Review_route.js": {"path":"I:\\Web Assignment Submission\\Onlinelaptop-PC_repair_system\\routes\\Review_route.js","statementMap":{"0":{"start":{"line":1,"column":15},"end":{"line":1,"column":33}},"1":{"start":{"line":2,"column":14},"end":{"line":2,"column":47}},"2":{"start":{"line":3,"column":13},"end":{"line":3,"column":29}},"3":{"start":{"line":5,"column":0},"end":{"line":23,"column":2}},"4":{"start":{"line":8,"column":23},"end":{"line":8,"column":46}},"5":{"start":{"line":9,"column":28},"end":{"line":9,"column":57}},"6":{"start":{"line":10,"column":19},"end":{"line":10,"column":38}},"7":{"start":{"line":12,"column":19},"end":{"line":15,"column":46}},"8":{"start":{"line":16,"column":0},"end":{"line":22,"column":2}},"9":{"start":{"line":18,"column":4},"end":{"line":18,"column":23}},"10":{"start":{"line":19,"column":4},"end":{"line":19,"column":73}},"11":{"start":{"line":21,"column":4},"end":{"line":21,"column":52}},"12":{"start":{"line":25,"column":0},"end":{"line":31,"column":2}},"13":{"start":{"line":26,"column":4},"end":{"line":30,"column":6}},"14":{"start":{"line":27,"column":8},"end":{"line":27,"column":34}},"15":{"start":{"line":29,"column":8},"end":{"line":29,"column":43}},"16":{"start":{"line":33,"column":0},"end":{"line":41,"column":2}},"17":{"start":{"line":34,"column":14},"end":{"line":34,"column":33}},"18":{"start":{"line":35,"column":4},"end":{"line":40,"column":6}},"19":{"start":{"line":36,"column":8},"end":{"line":36,"column":37}},"20":{"start":{"line":39,"column":8},"end":{"line":39,"column":43}},"21":{"start":{"line":43,"column":0},"end":{"line":61,"column":2}},"22":{"start":{"line":44,"column":23},"end":{"line":44,"column":42}},"23":{"start":{"line":45,"column":30},"end":{"line":45,"column":58}},"24":{"start":{"line":46,"column":25},"end":{"line":46,"column":48}},"25":{"start":{"line":47,"column":14},"end":{"line":47,"column":33}},"26":{"start":{"line":49,"column":0},"end":{"line":60,"column":2}},"27":{"start":{"line":56,"column":4},"end":{"line":56,"column":59}},"28":{"start":{"line":59,"column":4},"end":{"line":59,"column":39}},"29":{"start":{"line":63,"column":0},"end":{"line":71,"column":2}},"30":{"start":{"line":64,"column":14},"end":{"line":64,"column":33}},"31":{"start":{"line":65,"column":4},"end":{"line":70,"column":6}},"32":{"start":{"line":66,"column":8},"end":{"line":66,"column":63}},"33":{"start":{"line":69,"column":8},"end":{"line":69,"column":43}},"34":{"start":{"line":73,"column":0},"end":{"line":73,"column":22}}},"fnMap":{"0":{"name":"(anonymous_0)","decl":{"start":{"line":6,"column":0},"end":{"line":6,"column":1}},"loc":{"start":{"line":6,"column":19},"end":{"line":23,"column":1}},"line":6},"1":{"name":"(anonymous_1)","decl":{"start":{"line":17,"column":6},"end":{"line":17,"column":7}},"loc":{"start":{"line":17,"column":22},"end":{"line":20,"column":1}},"line":17},"2":{"name":"(anonymous_2)","decl":{"start":{"line":20,"column":9},"end":{"line":20,"column":10}},"loc":{"start":{"line":20,"column":20},"end":{"line":22,"column":1}},"line":20},"3":{"name":"(anonymous_3)","decl":{"start":{"line":25,"column":26},"end":{"line":25,"column":27}},"loc":{"start":{"line":25,"column":43},"end":{"line":31,"column":1}},"line":25},"4":{"name":"(anonymous_4)","decl":{"start":{"line":26,"column":23},"end":{"line":26,"column":24}},"loc":{"start":{"line":26,"column":37},"end":{"line":28,"column":5}},"line":26},"5":{"name":"(anonymous_5)","decl":{"start":{"line":28,"column":14},"end":{"line":28,"column":15}},"loc":{"start":{"line":28,"column":29},"end":{"line":30,"column":5}},"line":28},"6":{"name":"(anonymous_6)","decl":{"start":{"line":33,"column":32},"end":{"line":33,"column":33}},"loc":{"start":{"line":33,"column":49},"end":{"line":41,"column":1}},"line":33},"7":{"name":"(anonymous_7)","decl":{"start":{"line":35,"column":34},"end":{"line":35,"column":35}},"loc":{"start":{"line":35,"column":50},"end":{"line":37,"column":5}},"line":35},"8":{"name":"(anonymous_8)","decl":{"start":{"line":38,"column":11},"end":{"line":38,"column":12}},"loc":{"start":{"line":38,"column":26},"end":{"line":40,"column":5}},"line":38},"9":{"name":"(anonymous_9)","decl":{"start":{"line":43,"column":39},"end":{"line":43,"column":40}},"loc":{"start":{"line":43,"column":56},"end":{"line":61,"column":1}},"line":43},"10":{"name":"(anonymous_10)","decl":{"start":{"line":55,"column":6},"end":{"line":55,"column":7}},"loc":{"start":{"line":55,"column":22},"end":{"line":57,"column":1}},"line":55},"11":{"name":"(anonymous_11)","decl":{"start":{"line":58,"column":7},"end":{"line":58,"column":8}},"loc":{"start":{"line":58,"column":22},"end":{"line":60,"column":1}},"line":58},"12":{"name":"(anonymous_12)","decl":{"start":{"line":63,"column":42},"end":{"line":63,"column":43}},"loc":{"start":{"line":63,"column":60},"end":{"line":71,"column":1}},"line":63},"13":{"name":"(anonymous_13)","decl":{"start":{"line":65,"column":31},"end":{"line":65,"column":32}},"loc":{"start":{"line":65,"column":47},"end":{"line":67,"column":5}},"line":65},"14":{"name":"(anonymous_14)","decl":{"start":{"line":68,"column":11},"end":{"line":68,"column":12}},"loc":{"start":{"line":68,"column":26},"end":{"line":70,"column":5}},"line":68}},"branchMap":{},"s":{"0":1,"1":1,"2":1,"3":1,"4":2,"5":2,"6":2,"7":2,"8":2,"9":2,"10":2,"11":0,"12":1,"13":0,"14":0,"15":0,"16":1,"17":0,"18":0,"19":0,"20":0,"21":1,"22":0,"23":0,"24":0,"25":0,"26":0,"27":0,"28":0,"29":1,"30":0,"31":0,"32":0,"33":0,"34":1},"f":{"0":2,"1":2,"2":0,"3":0,"4":0,"5":0,"6":0,"7":0,"8":0,"9":0,"10":0,"11":0,"12":0,"13":0,"14":0},"b":{},"_coverageSchema":"1a1c01bbd47fc00a2c39e90264f33305004495a9","hash":"748249f57fe8f5ab329eadc0ba8e56b63433e306"}
,"I:\\Web Assignment Submission\\Onlinelaptop-PC_repair_system\\testing\\setup.js": {"path":"I:\\Web Assignment Submission\\Onlinelaptop-PC_repair_system\\testing\\setup.js","statementMap":{"0":{"start":{"line":1,"column":16},"end":{"line":1,"column":35}},"1":{"start":{"line":3,"column":0},"end":{"line":15,"column":2}},"2":{"start":{"line":4,"column":4},"end":{"line":14,"column":6}},"3":{"start":{"line":9,"column":8},"end":{"line":9,"column":37}},"4":{"start":{"line":10,"column":8},"end":{"line":10,"column":15}},"5":{"start":{"line":12,"column":8},"end":{"line":12,"column":27}},"6":{"start":{"line":13,"column":8},"end":{"line":13,"column":24}},"7":{"start":{"line":17,"column":0},"end":{"line":22,"column":2}},"8":{"start":{"line":18,"column":4},"end":{"line":21,"column":7}},"9":{"start":{"line":19,"column":8},"end":{"line":19,"column":41}},"10":{"start":{"line":20,"column":8},"end":{"line":20,"column":15}}},"fnMap":{"0":{"name":"(anonymous_0)","decl":{"start":{"line":3,"column":10},"end":{"line":3,"column":11}},"loc":{"start":{"line":3,"column":20},"end":{"line":15,"column":1}},"line":3},"1":{"name":"(anonymous_1)","decl":{"start":{"line":8,"column":12},"end":{"line":8,"column":13}},"loc":{"start":{"line":8,"column":20},"end":{"line":11,"column":5}},"line":8},"2":{"name":"(anonymous_2)","decl":{"start":{"line":11,"column":13},"end":{"line":11,"column":14}},"loc":{"start":{"line":11,"column":22},"end":{"line":14,"column":5}},"line":11},"3":{"name":"(anonymous_3)","decl":{"start":{"line":17,"column":9},"end":{"line":17,"column":10}},"loc":{"start":{"line":17,"column":19},"end":{"line":22,"column":1}},"line":17},"4":{"name":"(anonymous_4)","decl":{"start":{"line":18,"column":31},"end":{"line":18,"column":32}},"loc":{"start":{"line":18,"column":37},"end":{"line":21,"column":5}},"line":18}},"branchMap":{},"s":{"0":3,"1":3,"2":3,"3":3,"4":3,"5":0,"6":0,"7":3,"8":3,"9":3,"10":3},"f":{"0":3,"1":3,"2":0,"3":3,"4":3},"b":{},"_coverageSchema":"1a1c01bbd47fc00a2c39e90264f33305004495a9","hash":"58dad60e8f6d3c260443c6bba27aff8806e024c8"}
}
